Script started on Fri Sep 22 13:01:39 2017
   [1;36m: [1;37mLoading /src/habitat/plan.sh[0m
   [1;36mVotingApp: [1;37mPlan loaded[0m
   [1;36mVotingApp: [1;37mValidating plan metadata[0m
   [1;36mVotingApp: [1;37mhab-plan-build setup[0m
   [1;36mVotingApp: [1;37mWriting pre_build file[0m
   [1;36mVotingApp: [1;37mUsing HAB_BIN=/hab/pkgs/core/hab/0.32.0/20170918224903/bin/hab for installs, signing, and hashing[0m
   [1;36mVotingApp: [1;37mResolving build dependencies[0m
» Installing core/git from channel 'stable'
☛ Verifying core/git/2.10.0/20170711154627
→ Using core/acl/2.2.52/20170513213108
→ Using core/attr/2.4.47/20170513213059
→ Using core/bzip2/1.0.6/20170513212938
→ Using core/cacerts/2017.01.18/20170513215104
→ Using core/coreutils/8.25/20170513213226
☛ Verifying core/curl/7.51.0/20170513235716
☛ Verifying core/db/5.3.28/20170513213734
☛ Verifying core/expat/2.1.0/20170513213726
→ Using core/gcc-libs/5.2.0/20170513212920
☛ Verifying core/gdbm/1.11/20170513213716
☛ Verifying core/gettext/0.19.6/20170513214354
→ Using core/glibc/2.22/20170513201042
→ Using core/gmp/6.1.0/20170513202112
→ Using core/less/481/20170513213936
→ Using core/libcap/2.24/20170513213120
→ Using core/linux-headers/4.3/20170513200956
→ Using core/ncurses/6.0/20170513213009
☛ Verifying core/openssh/7.5p1/20170711154302
→ Using core/openssl/1.0.2j/20170513215106
→ Using core/pcre/8.38/20170513213423
☛ Verifying core/perl/5.22.1/20170513213942
→ Using core/xz/5.2.2/20170513214327
→ Using core/zlib/1.2.8/20170513201911
✓ Installed core/curl/7.51.0/20170513235716
✓ Installed core/db/5.3.28/20170513213734
✓ Installed core/expat/2.1.0/20170513213726
✓ Installed core/gdbm/1.11/20170513213716
✓ Installed core/gettext/0.19.6/20170513214354
✓ Installed core/openssh/7.5p1/20170711154302
✓ Installed core/perl/5.22.1/20170513213942
✓ Installed core/git/2.10.0/20170711154627
★ Install of core/git/2.10.0/20170711154627 complete with 8 new packages installed.
   [1;36mVotingApp: [1;37mResolved build dependency 'core/git' to /hab/pkgs/core/git/2.10.0/20170711154627[0m
» Installing core/virtualenv from channel 'stable'
↓ Downloading core/virtualenv/15.0.3/20170514034824
↓ Downloading core/virtualenv/15.0.3/20170514034824
↓ Downloading core/virtualenv/15.0.3/20170514034824
↓ Downloading core/virtualenv/15.0.3/20170514034824
↓ Downloading core/virtualenv/15.0.3/20170514034824
✗✗✗
✗✗✗ Download failed: We tried 5 times but could not download core/virtualenv/15.0.3/20170514034824. Giving up.
✗✗✗
   [1;36mVotingApp: [1;33mWARN [1;37mNo installed packages of 'core/virtualenv' were found[0m
[1;31mERROR: [1;37mResolving 'core/virtualenv' failed, should this be built first?[0m

Script done on Fri Sep 22 13:02:10 2017
